Arguments: 
  /usr/local/bin/node /usr/local/bin/yarn init --y

PATH: 
  /Users/admin/.rvm/gems/ruby-3.0.0/bin:/Users/admin/.rvm/gems/ruby-3.0.0@global/bin:/Users/admin/.rvm/rubies/ruby-3.0.0/bin:Users/admin/www/flutter/bin:/Users/admin/.zi/polaris/sbin:/Users/admin/.zi/polaris/bin:/opt/homebrew/bin:/opt/homebrew/sbin:/Users/admin/Android/Sdk:/Users/admin/www/flutter/bin:/Users/admin/www/flutter/bin/cache/dart-sdk/bin :/usr/local/bin:/usr/bin:/bin:/usr/sbin:/sbin:/Library/Apple/usr/bin:/Users/admin/Android/Sdk/emulator:/Users/admin/Android/Sdk/tools:/Users/admin/Android/Sdk/tools/bin:/Users/admin/Android/Sdk/platform-tools:/Users/admin/.rvm/bin

Yarn version: 
  1.22.19

Node version: 
  16.18.0

Platform: 
  darwin arm64

Trace: 
  Error: canceled
      at Interface.<anonymous> (/usr/local/lib/node_modules/yarn/lib/cli.js:137150:13)
      at Interface.emit (node:events:513:28)
      at Interface._ttyWrite (node:readline:1085:16)
      at ReadStream.onkeypress (node:readline:291:10)
      at ReadStream.emit (node:events:513:28)
      at emitKeys (node:internal/readline/utils:357:14)
      at emitKeys.next (<anonymous>)
      at ReadStream.onData (node:internal/readline/emitKeypressEvents:61:36)
      at ReadStream.emit (node:events:513:28)
      at addChunk (node:internal/streams/readable:315:12)

npm manifest: 
  No manifest

yarn manifest: 
  No manifest

Lockfile: 
  No lockfile
